Determining if the pthread_create exist failed with the following output:
Change Dir: /home/frank/ncu/reduce/build/CMakeFiles/CMakeTmp

Run Build Command:"/usr/bin/make" "cmTC_acb56/fast"
/usr/bin/make -f CMakeFiles/cmTC_acb56.dir/build.make CMakeFiles/cmTC_acb56.dir/build
make[1]: Entering directory '/home/frank/ncu/reduce/build/CMakeFiles/CMakeTmp'
Building CXX object CMakeFiles/cmTC_acb56.dir/CheckSymbolExists.cxx.o
/usr/bin/c++    -std=gnu++14 -o CMakeFiles/cmTC_acb56.dir/CheckSymbolExists.cxx.o -c /home/frank/ncu/reduce/build/CMakeFiles/CMakeTmp/CheckSymbolExists.cxx
Linking CXX executable cmTC_acb56
/usr/bin/cmake -E cmake_link_script CMakeFiles/cmTC_acb56.dir/link.txt --verbose=1
/usr/bin/c++       CMakeFiles/cmTC_acb56.dir/CheckSymbolExists.cxx.o  -o cmTC_acb56 
CMakeFiles/cmTC_acb56.dir/CheckSymbolExists.cxx.o: In function `main':
CheckSymbolExists.cxx:(.text+0x1b): undefined reference to `pthread_create'
collect2: error: ld returned 1 exit status
CMakeFiles/cmTC_acb56.dir/build.make:97: recipe for target 'cmTC_acb56' failed
make[1]: *** [cmTC_acb56] Error 1
make[1]: Leaving directory '/home/frank/ncu/reduce/build/CMakeFiles/CMakeTmp'
Makefile:126: recipe for target 'cmTC_acb56/fast' failed
make: *** [cmTC_acb56/fast] Error 2

File /home/frank/ncu/reduce/build/CMakeFiles/CMakeTmp/CheckSymbolExists.cxx:
/* */
#include <pthread.h>

int main(int argc, char** argv)
{
  (void)argv;
#ifndef pthread_create
  return ((int*)(&pthread_create))[argc];
#else
  (void)argc;
  return 0;
#endif
}

Determining if the function pthread_create exists in the pthreads failed with the following output:
Change Dir: /home/frank/ncu/reduce/build/CMakeFiles/CMakeTmp

Run Build Command:"/usr/bin/make" "cmTC_1784f/fast"
/usr/bin/make -f CMakeFiles/cmTC_1784f.dir/build.make CMakeFiles/cmTC_1784f.dir/build
make[1]: Entering directory '/home/frank/ncu/reduce/build/CMakeFiles/CMakeTmp'
Building CXX object CMakeFiles/cmTC_1784f.dir/CheckFunctionExists.cxx.o
/usr/bin/c++    -DCHECK_FUNCTION_EXISTS=pthread_create   -std=gnu++14 -o CMakeFiles/cmTC_1784f.dir/CheckFunctionExists.cxx.o -c /home/frank/ncu/reduce/build/CMakeFiles/CheckLibraryExists/CheckFunctionExists.cxx
Linking CXX executable cmTC_1784f
/usr/bin/cmake -E cmake_link_script CMakeFiles/cmTC_1784f.dir/link.txt --verbose=1
/usr/bin/c++   -DCHECK_FUNCTION_EXISTS=pthread_create    CMakeFiles/cmTC_1784f.dir/CheckFunctionExists.cxx.o  -o cmTC_1784f -lpthreads 
/usr/bin/ld: cannot find -lpthreads
collect2: error: ld returned 1 exit status
CMakeFiles/cmTC_1784f.dir/build.make:97: recipe for target 'cmTC_1784f' failed
make[1]: *** [cmTC_1784f] Error 1
make[1]: Leaving directory '/home/frank/ncu/reduce/build/CMakeFiles/CMakeTmp'
Makefile:126: recipe for target 'cmTC_1784f/fast' failed
make: *** [cmTC_1784f/fast] Error 2


